[  907557ms] [ASSERT] TransitionAborted: TransitionAborted
    at i (https://d31g2a6snus4ly.cloudfront.net/zbooks/assets/vendor.4076c98a39ef05c9a4af03fb8ad32618-4076c98a39.js:36:449808)
    at w (https://d31g2a6snus4ly.cloudfront.net/zbooks/assets/vendor.4076c98a39ef05c9a4af03fb8ad32618-4076c98a39.js:36:454471)
    at s.transitionDidError (https://d31g2a6snus4ly.cloudfront.net/zbooks/assets/vendor.4076c98a39ef05c9a4af03fb8ad32618-4076c98a39.js:36:151534)
    at https://d31g2a6snus4ly.cloudfront.net/zbooks/assets/vendor.4076c98a39ef05c9a4af03fb8ad32618-4076c98a39.js:36:452946
    at y (https://d31g2a6snus4ly.cloudfront.net/zbooks/assets/vendor.4076c98a39ef05c9a4af03fb8ad32618-4076c98a39.js:36:475557)
    at g (https://d31g2a6snus4ly.cloudfront.net/zbooks/assets/vendor.4076c98a39ef05c9a4af03fb8ad32618-4076c98a39.js:36:475449)
    at f (https://d31g2a6snus4ly.cloudfront.net/zbooks/assets/vendor.4076c98a39ef05c9a4af03fb8ad32618-4076c98a39.js:36:474955)
    at invokeWithOnError (https://d31g2a6snus4ly.cloudfront.net/zbooks/assets/vendor.4076c98a39ef05c9a4af03fb8ad32618-4076c98a39.js:36:419315)
    at d.flush (https://d31g2a6snus4ly.cloudfront.net/zbooks/assets/vendor.4076c98a39ef05c9a4af03fb8ad32618-4076c98a39.js:36:418308)
    at f.flush (https://d31g2a6snus4ly.cloudfront.net/zbooks/assets/vendor.4076c98a39ef05c9a4af03fb8ad32618-4076c98a39.js:36:420090) @ https://d31g2a6snus4ly.cloudfront.net/zbooks/assets/zb.d69309cdfef58db22fa4-ccb829e7a4.js:0
[  907934ms] [WARNING] Deprecation warning: value provided is not in a recognized RFC2822 or ISO format. moment construction falls back to js Date(), which is not reliable across all browsers and versions. Non RFC2822/ISO date formats are discouraged and will be removed in an upcoming major release. Please refer to http://momentjs.com/guides/#/warnings/js-date/ for more info.
Arguments: 
[0] _isAMomentObject: true, _isUTC: false, _useUTC: false, _l: undefined, _i: September 25 2025, _f: undefined, _strict: undefined, _locale: [object Object]
Error
    at r.createFromInputFallback (https://d31g2a6snus4ly.cloudfront.net/zbooks/assets/vendor.4076c98a39ef05c9a4af03fb8ad32618-4076c98a39.js:36:520806)
    at vt (https://d31g2a6snus4ly.cloudfront.net/zbooks/assets/vendor.4076c98a39ef05c9a4af03fb8ad32618-4076c98a39.js:36:538866)
    at gt (https://d31g2a6snus4ly.cloudfront.net/zbooks/assets/vendor.4076c98a39ef05c9a4af03fb8ad32618-4076c98a39.js:36:539581)
    at yt (https://d31g2a6snus4ly.cloudfront.net/zbooks/assets/vendor.4076c98a39ef05c9a4af03fb8ad32618-4076c98a39.js:36:539663)
    at r (https://d31g2a6snus4ly.cloudfront.net/zbooks/assets/vendor.4076c98a39ef05c9a4af03fb8ad32618-4076c98a39.js:36:517644)
    at Object.isFutureDate (https://d31g2a6snus4ly.cloudfront.net/zbooks/assets/zb.d69309cdfef58db22fa4-ccb829e7a4.js:1:43070230)
    at https://d31g2a6snus4ly.cloudfront.net/zbooks/assets/zb.d69309cdfef58db22fa4-ccb829e7a4.js:1:42080371
    at Array.filter (<anonymous>)
    at https://d31g2a6snus4ly.cloudfront.net/zbooks/assets/zb.d69309cdfef58db22fa4-ccb829e7a4.js:1:42080305
    at Array.forEach (<anonymous>) @ https://d31g2a6snus4ly.cloudfront.net/zbooks/assets/vendor.4076c98a39ef05c9a4af03fb8ad32618-4076c98a39.js:35
[  908357ms] [WARNING] An iframe which has both allow-scripts and allow-same-origin for its sandbox attribute can escape its sandboxing. @ https://static.zohocdn.com/micsinproduct/12886284/inproductsdk.js:493
[  909096ms] [ERROR] Failed to load resource: the server responded with a status of 400 () @ https://books.zoho.in/api/v3/workbenches/validate:0
